2025-05-17 07:17:04
Array
(
    [MIBDIRS] => C:/xampp/php/extras/mibs
    [MYSQL_HOME] => \xampp\mysql\bin
    [OPENSSL_CONF] => C:/xampp/apache/bin/openssl.cnf
    [PHP_PEAR_SYSCONF_DIR] => \xampp\php
    [PHPRC] => \xampp\php
    [TMP] => \xampp\tmp
    [HTTP_HOST] => localhost
    [HTTP_CONNECTION] => keep-alive
    [CONTENT_LENGTH] => 340
    [HTTP_SEC_CH_UA_PLATFORM] => "Windows"
    [HTTP_USER_AGENT] => Mozilla/5.0 (Windows NT 10.0; Win64; x64) AppleWebKit/537.36 (KHTML, like Gecko) Chrome/136.0.0.0 Safari/537.36 Edg/136.0.0.0
    [HTTP_SEC_CH_UA] => "Chromium";v="136", "Microsoft Edge";v="136", "Not.A/Brand";v="99"
    [CONTENT_TYPE] => application/json
    [HTTP_SEC_CH_UA_MOBILE] => ?0
    [HTTP_ACCEPT] => */*
    [HTTP_ORIGIN] => http://localhost:5173
    [HTTP_SEC_FETCH_SITE] => same-site
    [HTTP_SEC_FETCH_MODE] => cors
    [HTTP_SEC_FETCH_DEST] => empty
    [HTTP_REFERER] => http://localhost:5173/
    [HTTP_ACCEPT_ENCODING] => gzip, deflate, br, zstd
    [HTTP_ACCEPT_LANGUAGE] => en-US,en;q=0.9
    [PATH] => C:\WINDOWS\system32;C:\WINDOWS;C:\WINDOWS\System32\Wbem;C:\WINDOWS\System32\WindowsPowerShell\v1.0\;C:\WINDOWS\System32\OpenSSH\;C:\Program Files\nodejs\;C:\Program Files\Git\cmd;C:\Users\User\AppData\Local\Programs\Python\Python313\Scripts\;C:\Users\User\AppData\Local\Programs\Python\Python313\;C:\Users\User\AppData\Local\Programs\Python\Launcher\;C:\Users\User\AppData\Local\pnpm;C:\Users\User\AppData\Local\Microsoft\WindowsApps;C:\Users\User\AppData\Local\Programs\Microsoft VS Code\bin;C:\Users\User\AppData\Local\GitHubDesktop\bin;C:\Users\User\AppData\Roaming\npm;D:\Applications\flutter_windows_3.24.5-stable\flutter\bin;C:\Program Files\Android\Android Studio\jbr
    [SystemRoot] => C:\WINDOWS
    [COMSPEC] => C:\WINDOWS\system32\cmd.exe
    [PATHEXT] => .COM;.EXE;.BAT;.CMD;.VBS;.VBE;.JS;.JSE;.WSF;.WSH;.MSC
    [WINDIR] => C:\WINDOWS
    [SERVER_SIGNATURE] => <address>Apache/2.4.58 (Win64) OpenSSL/3.1.3 PHP/8.2.12 Server at localhost Port 80</address>

    [SERVER_SOFTWARE] => Apache/2.4.58 (Win64) OpenSSL/3.1.3 PHP/8.2.12
    [SERVER_NAME] => localhost
    [SERVER_ADDR] => ::1
    [SERVER_PORT] => 80
    [REMOTE_ADDR] => ::1
    [DOCUMENT_ROOT] => C:/xampp/htdocs
    [REQUEST_SCHEME] => http
    [CONTEXT_PREFIX] => 
    [CONTEXT_DOCUMENT_ROOT] => C:/xampp/htdocs
    [SERVER_ADMIN] => postmaster@localhost
    [SCRIPT_FILENAME] => C:/xampp/htdocs/shenieva-teacher/src/lib/api/student-story2/save_story2_quizzes.php
    [REMOTE_PORT] => 58598
    [GATEWAY_INTERFACE] => CGI/1.1
    [SERVER_PROTOCOL] => HTTP/1.1
    [REQUEST_METHOD] => POST
    [QUERY_STRING] => 
    [REQUEST_URI] => /shenieva-teacher/src/lib/api/student-story2/save_story2_quizzes.php
    [SCRIPT_NAME] => /shenieva-teacher/src/lib/api/student-story2/save_story2_quizzes.php
    [PHP_SELF] => /shenieva-teacher/src/lib/api/student-story2/save_story2_quizzes.php
    [REQUEST_TIME_FLOAT] => 1747459024.0023
    [REQUEST_TIME] => 1747459024
)

{"quizResults":[{"student_id":"1","attempt":1,"question":"Is this story 2","answer":"Yes","is_correct":true,"is_final":false},{"student_id":"1","attempt":1,"question":"Who am I?","answer":"24","is_correct":false,"is_final":false},{"student_id":"1","attempt":1,"question":"How old am I?","answer":"Nal","is_correct":false,"is_final":false}]}
2025-05-17 07:17:13
Array
(
    [MIBDIRS] => C:/xampp/php/extras/mibs
    [MYSQL_HOME] => \xampp\mysql\bin
    [OPENSSL_CONF] => C:/xampp/apache/bin/openssl.cnf
    [PHP_PEAR_SYSCONF_DIR] => \xampp\php
    [PHPRC] => \xampp\php
    [TMP] => \xampp\tmp
    [HTTP_HOST] => localhost
    [HTTP_CONNECTION] => keep-alive
    [CONTENT_LENGTH] => 340
    [HTTP_SEC_CH_UA_PLATFORM] => "Windows"
    [HTTP_USER_AGENT] => Mozilla/5.0 (Windows NT 10.0; Win64; x64) AppleWebKit/537.36 (KHTML, like Gecko) Chrome/136.0.0.0 Safari/537.36 Edg/136.0.0.0
    [HTTP_SEC_CH_UA] => "Chromium";v="136", "Microsoft Edge";v="136", "Not.A/Brand";v="99"
    [CONTENT_TYPE] => application/json
    [HTTP_SEC_CH_UA_MOBILE] => ?0
    [HTTP_ACCEPT] => */*
    [HTTP_ORIGIN] => http://localhost:5173
    [HTTP_SEC_FETCH_SITE] => same-site
    [HTTP_SEC_FETCH_MODE] => cors
    [HTTP_SEC_FETCH_DEST] => empty
    [HTTP_REFERER] => http://localhost:5173/
    [HTTP_ACCEPT_ENCODING] => gzip, deflate, br, zstd
    [HTTP_ACCEPT_LANGUAGE] => en-US,en;q=0.9
    [PATH] => C:\WINDOWS\system32;C:\WINDOWS;C:\WINDOWS\System32\Wbem;C:\WINDOWS\System32\WindowsPowerShell\v1.0\;C:\WINDOWS\System32\OpenSSH\;C:\Program Files\nodejs\;C:\Program Files\Git\cmd;C:\Users\User\AppData\Local\Programs\Python\Python313\Scripts\;C:\Users\User\AppData\Local\Programs\Python\Python313\;C:\Users\User\AppData\Local\Programs\Python\Launcher\;C:\Users\User\AppData\Local\pnpm;C:\Users\User\AppData\Local\Microsoft\WindowsApps;C:\Users\User\AppData\Local\Programs\Microsoft VS Code\bin;C:\Users\User\AppData\Local\GitHubDesktop\bin;C:\Users\User\AppData\Roaming\npm;D:\Applications\flutter_windows_3.24.5-stable\flutter\bin;C:\Program Files\Android\Android Studio\jbr
    [SystemRoot] => C:\WINDOWS
    [COMSPEC] => C:\WINDOWS\system32\cmd.exe
    [PATHEXT] => .COM;.EXE;.BAT;.CMD;.VBS;.VBE;.JS;.JSE;.WSF;.WSH;.MSC
    [WINDIR] => C:\WINDOWS
    [SERVER_SIGNATURE] => <address>Apache/2.4.58 (Win64) OpenSSL/3.1.3 PHP/8.2.12 Server at localhost Port 80</address>

    [SERVER_SOFTWARE] => Apache/2.4.58 (Win64) OpenSSL/3.1.3 PHP/8.2.12
    [SERVER_NAME] => localhost
    [SERVER_ADDR] => ::1
    [SERVER_PORT] => 80
    [REMOTE_ADDR] => ::1
    [DOCUMENT_ROOT] => C:/xampp/htdocs
    [REQUEST_SCHEME] => http
    [CONTEXT_PREFIX] => 
    [CONTEXT_DOCUMENT_ROOT] => C:/xampp/htdocs
    [SERVER_ADMIN] => postmaster@localhost
    [SCRIPT_FILENAME] => C:/xampp/htdocs/shenieva-teacher/src/lib/api/student-story2/save_story2_quizzes.php
    [REMOTE_PORT] => 58611
    [GATEWAY_INTERFACE] => CGI/1.1
    [SERVER_PROTOCOL] => HTTP/1.1
    [REQUEST_METHOD] => POST
    [QUERY_STRING] => 
    [REQUEST_URI] => /shenieva-teacher/src/lib/api/student-story2/save_story2_quizzes.php
    [SCRIPT_NAME] => /shenieva-teacher/src/lib/api/student-story2/save_story2_quizzes.php
    [PHP_SELF] => /shenieva-teacher/src/lib/api/student-story2/save_story2_quizzes.php
    [REQUEST_TIME_FLOAT] => 1747459033.1884
    [REQUEST_TIME] => 1747459033
)

{"quizResults":[{"student_id":"1","attempt":2,"question":"Is this story 2","answer":"Nal","is_correct":false,"is_final":false},{"student_id":"1","attempt":2,"question":"Who am I?","answer":"Yes","is_correct":false,"is_final":false},{"student_id":"1","attempt":2,"question":"How old am I?","answer":"24","is_correct":true,"is_final":false}]}
2025-05-17 07:17:24
Array
(
    [MIBDIRS] => C:/xampp/php/extras/mibs
    [MYSQL_HOME] => \xampp\mysql\bin
    [OPENSSL_CONF] => C:/xampp/apache/bin/openssl.cnf
    [PHP_PEAR_SYSCONF_DIR] => \xampp\php
    [PHPRC] => \xampp\php
    [TMP] => \xampp\tmp
    [HTTP_HOST] => localhost
    [HTTP_CONNECTION] => keep-alive
    [CONTENT_LENGTH] => 337
    [HTTP_SEC_CH_UA_PLATFORM] => "Windows"
    [HTTP_USER_AGENT] => Mozilla/5.0 (Windows NT 10.0; Win64; x64) AppleWebKit/537.36 (KHTML, like Gecko) Chrome/136.0.0.0 Safari/537.36 Edg/136.0.0.0
    [HTTP_SEC_CH_UA] => "Chromium";v="136", "Microsoft Edge";v="136", "Not.A/Brand";v="99"
    [CONTENT_TYPE] => application/json
    [HTTP_SEC_CH_UA_MOBILE] => ?0
    [HTTP_ACCEPT] => */*
    [HTTP_ORIGIN] => http://localhost:5173
    [HTTP_SEC_FETCH_SITE] => same-site
    [HTTP_SEC_FETCH_MODE] => cors
    [HTTP_SEC_FETCH_DEST] => empty
    [HTTP_REFERER] => http://localhost:5173/
    [HTTP_ACCEPT_ENCODING] => gzip, deflate, br, zstd
    [HTTP_ACCEPT_LANGUAGE] => en-US,en;q=0.9
    [PATH] => C:\WINDOWS\system32;C:\WINDOWS;C:\WINDOWS\System32\Wbem;C:\WINDOWS\System32\WindowsPowerShell\v1.0\;C:\WINDOWS\System32\OpenSSH\;C:\Program Files\nodejs\;C:\Program Files\Git\cmd;C:\Users\User\AppData\Local\Programs\Python\Python313\Scripts\;C:\Users\User\AppData\Local\Programs\Python\Python313\;C:\Users\User\AppData\Local\Programs\Python\Launcher\;C:\Users\User\AppData\Local\pnpm;C:\Users\User\AppData\Local\Microsoft\WindowsApps;C:\Users\User\AppData\Local\Programs\Microsoft VS Code\bin;C:\Users\User\AppData\Local\GitHubDesktop\bin;C:\Users\User\AppData\Roaming\npm;D:\Applications\flutter_windows_3.24.5-stable\flutter\bin;C:\Program Files\Android\Android Studio\jbr
    [SystemRoot] => C:\WINDOWS
    [COMSPEC] => C:\WINDOWS\system32\cmd.exe
    [PATHEXT] => .COM;.EXE;.BAT;.CMD;.VBS;.VBE;.JS;.JSE;.WSF;.WSH;.MSC
    [WINDIR] => C:\WINDOWS
    [SERVER_SIGNATURE] => <address>Apache/2.4.58 (Win64) OpenSSL/3.1.3 PHP/8.2.12 Server at localhost Port 80</address>

    [SERVER_SOFTWARE] => Apache/2.4.58 (Win64) OpenSSL/3.1.3 PHP/8.2.12
    [SERVER_NAME] => localhost
    [SERVER_ADDR] => ::1
    [SERVER_PORT] => 80
    [REMOTE_ADDR] => ::1
    [DOCUMENT_ROOT] => C:/xampp/htdocs
    [REQUEST_SCHEME] => http
    [CONTEXT_PREFIX] => 
    [CONTEXT_DOCUMENT_ROOT] => C:/xampp/htdocs
    [SERVER_ADMIN] => postmaster@localhost
    [SCRIPT_FILENAME] => C:/xampp/htdocs/shenieva-teacher/src/lib/api/student-story2/save_story2_quizzes.php
    [REMOTE_PORT] => 58623
    [GATEWAY_INTERFACE] => CGI/1.1
    [SERVER_PROTOCOL] => HTTP/1.1
    [REQUEST_METHOD] => POST
    [QUERY_STRING] => 
    [REQUEST_URI] => /shenieva-teacher/src/lib/api/student-story2/save_story2_quizzes.php
    [SCRIPT_NAME] => /shenieva-teacher/src/lib/api/student-story2/save_story2_quizzes.php
    [PHP_SELF] => /shenieva-teacher/src/lib/api/student-story2/save_story2_quizzes.php
    [REQUEST_TIME_FLOAT] => 1747459044.0722
    [REQUEST_TIME] => 1747459044
)

{"quizResults":[{"student_id":"1","attempt":3,"question":"Is this story 2","answer":"Yes","is_correct":true,"is_final":true},{"student_id":"1","attempt":3,"question":"Who am I?","answer":"24","is_correct":false,"is_final":true},{"student_id":"1","attempt":3,"question":"How old am I?","answer":"Nal","is_correct":false,"is_final":true}]}
2025-05-17 07:21:45
Array
(
    [MIBDIRS] => C:/xampp/php/extras/mibs
    [MYSQL_HOME] => \xampp\mysql\bin
    [OPENSSL_CONF] => C:/xampp/apache/bin/openssl.cnf
    [PHP_PEAR_SYSCONF_DIR] => \xampp\php
    [PHPRC] => \xampp\php
    [TMP] => \xampp\tmp
    [HTTP_HOST] => localhost
    [HTTP_CONNECTION] => keep-alive
    [CONTENT_LENGTH] => 340
    [HTTP_SEC_CH_UA_PLATFORM] => "Windows"
    [HTTP_USER_AGENT] => Mozilla/5.0 (Windows NT 10.0; Win64; x64) AppleWebKit/537.36 (KHTML, like Gecko) Chrome/136.0.0.0 Safari/537.36 Edg/136.0.0.0
    [HTTP_SEC_CH_UA] => "Chromium";v="136", "Microsoft Edge";v="136", "Not.A/Brand";v="99"
    [CONTENT_TYPE] => application/json
    [HTTP_SEC_CH_UA_MOBILE] => ?0
    [HTTP_ACCEPT] => */*
    [HTTP_ORIGIN] => http://localhost:5173
    [HTTP_SEC_FETCH_SITE] => same-site
    [HTTP_SEC_FETCH_MODE] => cors
    [HTTP_SEC_FETCH_DEST] => empty
    [HTTP_REFERER] => http://localhost:5173/
    [HTTP_ACCEPT_ENCODING] => gzip, deflate, br, zstd
    [HTTP_ACCEPT_LANGUAGE] => en-US,en;q=0.9
    [PATH] => C:\WINDOWS\system32;C:\WINDOWS;C:\WINDOWS\System32\Wbem;C:\WINDOWS\System32\WindowsPowerShell\v1.0\;C:\WINDOWS\System32\OpenSSH\;C:\Program Files\nodejs\;C:\Program Files\Git\cmd;C:\Users\User\AppData\Local\Programs\Python\Python313\Scripts\;C:\Users\User\AppData\Local\Programs\Python\Python313\;C:\Users\User\AppData\Local\Programs\Python\Launcher\;C:\Users\User\AppData\Local\pnpm;C:\Users\User\AppData\Local\Microsoft\WindowsApps;C:\Users\User\AppData\Local\Programs\Microsoft VS Code\bin;C:\Users\User\AppData\Local\GitHubDesktop\bin;C:\Users\User\AppData\Roaming\npm;D:\Applications\flutter_windows_3.24.5-stable\flutter\bin;C:\Program Files\Android\Android Studio\jbr
    [SystemRoot] => C:\WINDOWS
    [COMSPEC] => C:\WINDOWS\system32\cmd.exe
    [PATHEXT] => .COM;.EXE;.BAT;.CMD;.VBS;.VBE;.JS;.JSE;.WSF;.WSH;.MSC
    [WINDIR] => C:\WINDOWS
    [SERVER_SIGNATURE] => <address>Apache/2.4.58 (Win64) OpenSSL/3.1.3 PHP/8.2.12 Server at localhost Port 80</address>

    [SERVER_SOFTWARE] => Apache/2.4.58 (Win64) OpenSSL/3.1.3 PHP/8.2.12
    [SERVER_NAME] => localhost
    [SERVER_ADDR] => ::1
    [SERVER_PORT] => 80
    [REMOTE_ADDR] => ::1
    [DOCUMENT_ROOT] => C:/xampp/htdocs
    [REQUEST_SCHEME] => http
    [CONTEXT_PREFIX] => 
    [CONTEXT_DOCUMENT_ROOT] => C:/xampp/htdocs
    [SERVER_ADMIN] => postmaster@localhost
    [SCRIPT_FILENAME] => C:/xampp/htdocs/shenieva-teacher/src/lib/api/student-story2/save_story2_quizzes.php
    [REMOTE_PORT] => 58749
    [GATEWAY_INTERFACE] => CGI/1.1
    [SERVER_PROTOCOL] => HTTP/1.1
    [REQUEST_METHOD] => POST
    [QUERY_STRING] => 
    [REQUEST_URI] => /shenieva-teacher/src/lib/api/student-story2/save_story2_quizzes.php
    [SCRIPT_NAME] => /shenieva-teacher/src/lib/api/student-story2/save_story2_quizzes.php
    [PHP_SELF] => /shenieva-teacher/src/lib/api/student-story2/save_story2_quizzes.php
    [REQUEST_TIME_FLOAT] => 1747459305.4808
    [REQUEST_TIME] => 1747459305
)

{"quizResults":[{"student_id":"1","attempt":1,"question":"Is this story 2","answer":"Yes","is_correct":true,"is_final":false},{"student_id":"1","attempt":1,"question":"Who am I?","answer":"24","is_correct":false,"is_final":false},{"student_id":"1","attempt":1,"question":"How old am I?","answer":"Nal","is_correct":false,"is_final":false}]}
2025-05-17 07:21:55
Array
(
    [MIBDIRS] => C:/xampp/php/extras/mibs
    [MYSQL_HOME] => \xampp\mysql\bin
    [OPENSSL_CONF] => C:/xampp/apache/bin/openssl.cnf
    [PHP_PEAR_SYSCONF_DIR] => \xampp\php
    [PHPRC] => \xampp\php
    [TMP] => \xampp\tmp
    [HTTP_HOST] => localhost
    [HTTP_CONNECTION] => keep-alive
    [CONTENT_LENGTH] => 340
    [HTTP_SEC_CH_UA_PLATFORM] => "Windows"
    [HTTP_USER_AGENT] => Mozilla/5.0 (Windows NT 10.0; Win64; x64) AppleWebKit/537.36 (KHTML, like Gecko) Chrome/136.0.0.0 Safari/537.36 Edg/136.0.0.0
    [HTTP_SEC_CH_UA] => "Chromium";v="136", "Microsoft Edge";v="136", "Not.A/Brand";v="99"
    [CONTENT_TYPE] => application/json
    [HTTP_SEC_CH_UA_MOBILE] => ?0
    [HTTP_ACCEPT] => */*
    [HTTP_ORIGIN] => http://localhost:5173
    [HTTP_SEC_FETCH_SITE] => same-site
    [HTTP_SEC_FETCH_MODE] => cors
    [HTTP_SEC_FETCH_DEST] => empty
    [HTTP_REFERER] => http://localhost:5173/
    [HTTP_ACCEPT_ENCODING] => gzip, deflate, br, zstd
    [HTTP_ACCEPT_LANGUAGE] => en-US,en;q=0.9
    [PATH] => C:\WINDOWS\system32;C:\WINDOWS;C:\WINDOWS\System32\Wbem;C:\WINDOWS\System32\WindowsPowerShell\v1.0\;C:\WINDOWS\System32\OpenSSH\;C:\Program Files\nodejs\;C:\Program Files\Git\cmd;C:\Users\User\AppData\Local\Programs\Python\Python313\Scripts\;C:\Users\User\AppData\Local\Programs\Python\Python313\;C:\Users\User\AppData\Local\Programs\Python\Launcher\;C:\Users\User\AppData\Local\pnpm;C:\Users\User\AppData\Local\Microsoft\WindowsApps;C:\Users\User\AppData\Local\Programs\Microsoft VS Code\bin;C:\Users\User\AppData\Local\GitHubDesktop\bin;C:\Users\User\AppData\Roaming\npm;D:\Applications\flutter_windows_3.24.5-stable\flutter\bin;C:\Program Files\Android\Android Studio\jbr
    [SystemRoot] => C:\WINDOWS
    [COMSPEC] => C:\WINDOWS\system32\cmd.exe
    [PATHEXT] => .COM;.EXE;.BAT;.CMD;.VBS;.VBE;.JS;.JSE;.WSF;.WSH;.MSC
    [WINDIR] => C:\WINDOWS
    [SERVER_SIGNATURE] => <address>Apache/2.4.58 (Win64) OpenSSL/3.1.3 PHP/8.2.12 Server at localhost Port 80</address>

    [SERVER_SOFTWARE] => Apache/2.4.58 (Win64) OpenSSL/3.1.3 PHP/8.2.12
    [SERVER_NAME] => localhost
    [SERVER_ADDR] => ::1
    [SERVER_PORT] => 80
    [REMOTE_ADDR] => ::1
    [DOCUMENT_ROOT] => C:/xampp/htdocs
    [REQUEST_SCHEME] => http
    [CONTEXT_PREFIX] => 
    [CONTEXT_DOCUMENT_ROOT] => C:/xampp/htdocs
    [SERVER_ADMIN] => postmaster@localhost
    [SCRIPT_FILENAME] => C:/xampp/htdocs/shenieva-teacher/src/lib/api/student-story2/save_story2_quizzes.php
    [REMOTE_PORT] => 58760
    [GATEWAY_INTERFACE] => CGI/1.1
    [SERVER_PROTOCOL] => HTTP/1.1
    [REQUEST_METHOD] => POST
    [QUERY_STRING] => 
    [REQUEST_URI] => /shenieva-teacher/src/lib/api/student-story2/save_story2_quizzes.php
    [SCRIPT_NAME] => /shenieva-teacher/src/lib/api/student-story2/save_story2_quizzes.php
    [PHP_SELF] => /shenieva-teacher/src/lib/api/student-story2/save_story2_quizzes.php
    [REQUEST_TIME_FLOAT] => 1747459315.9871
    [REQUEST_TIME] => 1747459315
)

{"quizResults":[{"student_id":"1","attempt":2,"question":"Is this story 2","answer":"Yes","is_correct":true,"is_final":false},{"student_id":"1","attempt":2,"question":"Who am I?","answer":"24","is_correct":false,"is_final":false},{"student_id":"1","attempt":2,"question":"How old am I?","answer":"Nal","is_correct":false,"is_final":false}]}
2025-05-17 07:22:06
Array
(
    [MIBDIRS] => C:/xampp/php/extras/mibs
    [MYSQL_HOME] => \xampp\mysql\bin
    [OPENSSL_CONF] => C:/xampp/apache/bin/openssl.cnf
    [PHP_PEAR_SYSCONF_DIR] => \xampp\php
    [PHPRC] => \xampp\php
    [TMP] => \xampp\tmp
    [HTTP_HOST] => localhost
    [HTTP_CONNECTION] => keep-alive
    [CONTENT_LENGTH] => 338
    [HTTP_SEC_CH_UA_PLATFORM] => "Windows"
    [HTTP_USER_AGENT] => Mozilla/5.0 (Windows NT 10.0; Win64; x64) AppleWebKit/537.36 (KHTML, like Gecko) Chrome/136.0.0.0 Safari/537.36 Edg/136.0.0.0
    [HTTP_SEC_CH_UA] => "Chromium";v="136", "Microsoft Edge";v="136", "Not.A/Brand";v="99"
    [CONTENT_TYPE] => application/json
    [HTTP_SEC_CH_UA_MOBILE] => ?0
    [HTTP_ACCEPT] => */*
    [HTTP_ORIGIN] => http://localhost:5173
    [HTTP_SEC_FETCH_SITE] => same-site
    [HTTP_SEC_FETCH_MODE] => cors
    [HTTP_SEC_FETCH_DEST] => empty
    [HTTP_REFERER] => http://localhost:5173/
    [HTTP_ACCEPT_ENCODING] => gzip, deflate, br, zstd
    [HTTP_ACCEPT_LANGUAGE] => en-US,en;q=0.9
    [PATH] => C:\WINDOWS\system32;C:\WINDOWS;C:\WINDOWS\System32\Wbem;C:\WINDOWS\System32\WindowsPowerShell\v1.0\;C:\WINDOWS\System32\OpenSSH\;C:\Program Files\nodejs\;C:\Program Files\Git\cmd;C:\Users\User\AppData\Local\Programs\Python\Python313\Scripts\;C:\Users\User\AppData\Local\Programs\Python\Python313\;C:\Users\User\AppData\Local\Programs\Python\Launcher\;C:\Users\User\AppData\Local\pnpm;C:\Users\User\AppData\Local\Microsoft\WindowsApps;C:\Users\User\AppData\Local\Programs\Microsoft VS Code\bin;C:\Users\User\AppData\Local\GitHubDesktop\bin;C:\Users\User\AppData\Roaming\npm;D:\Applications\flutter_windows_3.24.5-stable\flutter\bin;C:\Program Files\Android\Android Studio\jbr
    [SystemRoot] => C:\WINDOWS
    [COMSPEC] => C:\WINDOWS\system32\cmd.exe
    [PATHEXT] => .COM;.EXE;.BAT;.CMD;.VBS;.VBE;.JS;.JSE;.WSF;.WSH;.MSC
    [WINDIR] => C:\WINDOWS
    [SERVER_SIGNATURE] => <address>Apache/2.4.58 (Win64) OpenSSL/3.1.3 PHP/8.2.12 Server at localhost Port 80</address>

    [SERVER_SOFTWARE] => Apache/2.4.58 (Win64) OpenSSL/3.1.3 PHP/8.2.12
    [SERVER_NAME] => localhost
    [SERVER_ADDR] => ::1
    [SERVER_PORT] => 80
    [REMOTE_ADDR] => ::1
    [DOCUMENT_ROOT] => C:/xampp/htdocs
    [REQUEST_SCHEME] => http
    [CONTEXT_PREFIX] => 
    [CONTEXT_DOCUMENT_ROOT] => C:/xampp/htdocs
    [SERVER_ADMIN] => postmaster@localhost
    [SCRIPT_FILENAME] => C:/xampp/htdocs/shenieva-teacher/src/lib/api/student-story2/save_story2_quizzes.php
    [REMOTE_PORT] => 58770
    [GATEWAY_INTERFACE] => CGI/1.1
    [SERVER_PROTOCOL] => HTTP/1.1
    [REQUEST_METHOD] => POST
    [QUERY_STRING] => 
    [REQUEST_URI] => /shenieva-teacher/src/lib/api/student-story2/save_story2_quizzes.php
    [SCRIPT_NAME] => /shenieva-teacher/src/lib/api/student-story2/save_story2_quizzes.php
    [PHP_SELF] => /shenieva-teacher/src/lib/api/student-story2/save_story2_quizzes.php
    [REQUEST_TIME_FLOAT] => 1747459326.473
    [REQUEST_TIME] => 1747459326
)

{"quizResults":[{"student_id":"1","attempt":3,"question":"Is this story 2","answer":"Nal","is_correct":false,"is_final":true},{"student_id":"1","attempt":3,"question":"Who am I?","answer":"24","is_correct":false,"is_final":true},{"student_id":"1","attempt":3,"question":"How old am I?","answer":"Yes","is_correct":false,"is_final":true}]}
